TN:
SF:knexfile.js
FN:11,afterCreate
FNF:1
FNH:1
FNDA:1,afterCreate
DA:1,1
DA:2,1
DA:3,1
DA:4,1
DA:5,1
DA:6,1
DA:7,1
DA:8,1
DA:9,1
DA:10,1
DA:11,1
DA:12,1
DA:13,1
DA:14,1
DA:15,1
DA:16,1
DA:17,1
DA:18,1
DA:19,1
DA:20,1
DA:21,1
DA:22,1
DA:23,1
LF:23
LH:23
BRDA:11,0,0,1
BRF:1
BRH:1
end_of_record
TN:
SF:api\server.js
FNF:0
FNH:0
DA:1,1
DA:2,1
DA:3,1
DA:4,1
DA:5,1
DA:6,1
DA:7,1
DA:8,1
DA:9,1
DA:10,1
DA:11,1
DA:12,1
DA:13,1
DA:14,1
DA:15,1
DA:16,1
DA:17,1
DA:18,1
DA:19,1
DA:20,1
DA:21,1
LF:21
LH:21
BRF:0
BRH:0
end_of_record
TN:
SF:api\auth\auth-middleware.js
FN:6,restricted
FN:30,payloadCheck
FN:46,usernameCheck
FN:62,emailCheck
FN:78,loginPasswordCheck
FNF:5
FNH:5
FNDA:9,restricted
FNDA:17,payloadCheck
FNDA:4,usernameCheck
FNDA:2,emailCheck
FNDA:9,loginPasswordCheck
DA:1,1
DA:2,1
DA:3,1
DA:4,1
DA:5,1
DA:6,1
DA:7,9
DA:8,9
DA:9,9
DA:10,9
DA:11,9
DA:12,7
DA:13,7
DA:14,0
DA:15,0
DA:16,7
DA:17,7
DA:18,7
DA:19,7
DA:20,7
DA:21,7
DA:22,2
DA:23,2
DA:24,2
DA:25,9
DA:26,0
DA:27,0
DA:28,9
DA:29,9
DA:30,1
DA:31,17
DA:32,17
DA:33,17
DA:34,17
DA:35,17
DA:36,4
DA:37,4
DA:38,13
DA:39,13
DA:40,13
DA:41,17
DA:42,17
DA:43,0
DA:44,0
DA:45,17
DA:46,1
DA:47,4
DA:48,4
DA:49,4
DA:50,4
DA:51,4
DA:52,4
DA:53,2
DA:54,2
DA:55,2
DA:56,2
DA:57,2
DA:58,4
DA:59,0
DA:60,0
DA:61,4
DA:62,1
DA:63,2
DA:64,2
DA:65,2
DA:66,2
DA:67,2
DA:68,1
DA:69,1
DA:70,1
DA:71,1
DA:72,1
DA:73,2
DA:74,2
DA:75,0
DA:76,0
DA:77,2
DA:78,1
DA:79,9
DA:80,9
DA:81,9
DA:82,9
DA:83,9
DA:84,0
DA:85,0
DA:86,9
DA:87,9
DA:88,9
DA:89,0
DA:90,0
DA:91,9
DA:92,9
DA:93,9
DA:94,9
DA:95,9
DA:96,0
DA:97,0
DA:98,9
DA:99,1
DA:100,1
DA:101,1
DA:102,1
DA:103,1
DA:104,1
DA:105,1
LF:105
LH:89
BRDA:6,0,0,9
BRDA:11,1,0,7
BRDA:22,2,0,2
BRDA:25,3,0,0
BRDA:12,4,0,7
BRDA:13,5,0,0
BRDA:30,6,0,17
BRDA:35,7,0,15
BRDA:35,8,0,4
BRDA:38,9,0,13
BRDA:42,10,0,0
BRDA:46,11,0,4
BRDA:52,12,0,2
BRDA:58,13,0,0
BRDA:62,14,0,2
BRDA:67,15,0,1
BRDA:74,16,0,0
BRDA:78,17,0,9
BRDA:83,18,0,0
BRDA:88,19,0,0
BRDA:95,20,0,0
BRF:21
BRH:13
end_of_record
TN:
SF:api\auth\auth-router.js
FN:12,generateToken
FNF:1
FNH:1
FNDA:9,generateToken
DA:1,1
DA:2,1
DA:3,1
DA:4,1
DA:5,1
DA:6,1
DA:7,1
DA:8,1
DA:9,1
DA:10,1
DA:11,1
DA:12,9
DA:13,9
DA:14,9
DA:15,1
DA:16,1
DA:17,1
DA:18,1
DA:19,1
DA:20,1
DA:21,1
DA:22,1
DA:23,1
DA:24,1
DA:25,1
DA:26,1
DA:27,1
DA:28,0
DA:29,0
DA:30,1
DA:31,1
DA:32,1
DA:33,9
DA:34,9
DA:35,9
DA:36,9
DA:37,9
DA:38,9
DA:39,9
DA:40,0
DA:41,0
DA:42,9
DA:43,1
DA:44,1
LF:44
LH:40
BRDA:12,0,0,9
BRDA:16,1,0,1
BRDA:27,2,0,0
BRDA:32,3,0,9
BRDA:39,4,0,0
BRF:5
BRH:3
end_of_record
TN:
SF:api\comments\comments-model.js
FN:3,getCommentById
FN:7,createComment
FN:13,removeComment
FNF:3
FNH:3
FNDA:1,getCommentById
FNDA:1,createComment
FNDA:1,removeComment
DA:1,1
DA:2,1
DA:3,1
DA:4,1
DA:5,1
DA:6,1
DA:7,1
DA:8,1
DA:9,1
DA:10,1
DA:11,1
DA:12,1
DA:13,1
DA:14,1
DA:15,1
DA:16,1
DA:17,1
DA:18,1
DA:19,1
DA:20,1
DA:21,1
LF:21
LH:21
BRDA:3,0,0,1
BRDA:7,1,0,1
BRDA:13,2,0,1
BRF:3
BRH:3
end_of_record
TN:
SF:api\comments\comments-router.js
FNF:0
FNH:0
DA:1,1
DA:2,1
DA:3,1
DA:4,1
DA:5,1
DA:6,1
DA:7,1
DA:8,1
DA:9,1
DA:10,1
DA:11,1
DA:12,1
DA:13,1
DA:14,1
DA:15,1
DA:16,1
DA:17,0
DA:18,0
DA:19,1
DA:20,1
DA:21,1
DA:22,1
DA:23,1
DA:24,1
DA:25,1
DA:26,1
DA:27,1
DA:28,0
DA:29,0
DA:30,1
DA:31,1
DA:32,1
LF:32
LH:28
BRDA:5,0,0,1
BRDA:16,1,0,0
BRDA:21,2,0,1
BRDA:27,3,0,0
BRF:4
BRH:2
end_of_record
TN:
SF:api\posts\posts-middleware.js
FN:3,checkPostId
FNF:1
FNH:1
FNDA:3,checkPostId
DA:1,1
DA:2,1
DA:3,3
DA:4,3
DA:5,3
DA:6,3
DA:7,3
DA:8,1
DA:9,1
DA:10,2
DA:11,2
DA:12,2
DA:13,2
DA:14,3
DA:15,3
DA:16,0
DA:17,0
DA:18,3
DA:19,1
DA:20,1
DA:21,1
LF:21
LH:19
BRDA:3,0,0,3
BRDA:7,1,0,1
BRDA:10,2,0,2
BRDA:15,3,0,0
BRF:4
BRH:3
end_of_record
TN:
SF:api\posts\posts-model.js
FN:3,getAllPosts
FN:84,getPostById
FN:134,createPost
FN:139,removePost
FNF:4
FNH:4
FNDA:1,getAllPosts
FNDA:5,getPostById
FNDA:1,createPost
FNDA:1,removePost
DA:1,1
DA:2,1
DA:3,1
DA:4,1
DA:5,1
DA:6,1
DA:7,1
DA:8,1
DA:9,1
DA:10,1
DA:11,1
DA:12,1
DA:13,1
DA:14,1
DA:15,1
DA:16,1
DA:17,1
DA:18,1
DA:19,1
DA:20,1
DA:21,1
DA:22,1
DA:23,1
DA:24,1
DA:25,0
DA:26,0
DA:27,1
DA:28,1
DA:29,1
DA:30,1
DA:31,1
DA:32,1
DA:33,5
DA:34,5
DA:35,3
DA:36,3
DA:37,3
DA:38,3
DA:39,3
DA:40,3
DA:41,3
DA:42,3
DA:43,3
DA:44,3
DA:45,3
DA:46,3
DA:47,3
DA:48,3
DA:49,2
DA:50,2
DA:51,2
DA:52,2
DA:53,2
DA:54,2
DA:55,2
DA:56,2
DA:57,3
DA:58,3
DA:59,6
DA:60,6
DA:61,3
DA:62,3
DA:63,3
DA:64,3
DA:65,3
DA:66,3
DA:67,2
DA:68,2
DA:69,2
DA:70,2
DA:71,2
DA:72,2
DA:73,2
DA:74,2
DA:75,2
DA:76,2
DA:77,2
DA:78,1
DA:79,1
DA:80,1
DA:81,1
DA:82,1
DA:83,1
DA:84,5
DA:85,5
DA:86,5
DA:87,5
DA:88,5
DA:89,5
DA:90,5
DA:91,5
DA:92,5
DA:93,5
DA:94,5
DA:95,1
DA:96,1
DA:97,4
DA:98,4
DA:99,4
DA:100,4
DA:101,4
DA:102,4
DA:103,4
DA:104,4
DA:105,4
DA:106,5
DA:107,2
DA:108,2
DA:109,2
DA:110,2
DA:111,4
DA:112,4
DA:113,4
DA:114,4
DA:115,4
DA:116,4
DA:117,4
DA:118,4
DA:119,4
DA:120,4
DA:121,4
DA:122,4
DA:123,4
DA:124,4
DA:125,4
DA:126,8
DA:127,8
DA:128,4
DA:129,4
DA:130,2
DA:131,2
DA:132,2
DA:133,1
DA:134,1
DA:135,1
DA:136,1
DA:137,1
DA:138,1
DA:139,1
DA:140,1
DA:141,1
DA:142,1
DA:143,1
DA:144,1
DA:145,1
DA:146,1
DA:147,1
DA:148,1
LF:148
LH:146
BRDA:3,0,0,1
BRDA:24,1,0,0
BRDA:32,2,0,5
BRDA:34,3,0,3
BRDA:48,4,0,2
BRDA:67,5,0,2
BRDA:58,6,0,6
BRDA:60,7,0,2
BRDA:84,8,0,5
BRDA:94,9,0,1
BRDA:96,10,0,4
BRDA:106,11,0,2
BRDA:110,12,0,4
BRDA:112,13,0,2
BRDA:125,14,0,8
BRDA:127,15,0,0
BRDA:134,16,0,1
BRDA:139,17,0,1
BRF:18
BRH:16
end_of_record
TN:
SF:api\posts\posts-router.js
FNF:0
FNH:0
DA:1,1
DA:2,1
DA:3,1
DA:4,1
DA:5,1
DA:6,1
DA:7,1
DA:8,1
DA:9,1
DA:10,1
DA:11,1
DA:12,0
DA:13,0
DA:14,1
DA:15,1
DA:16,1
DA:17,1
DA:18,1
DA:19,1
DA:20,1
DA:21,1
DA:22,0
DA:23,0
DA:24,1
DA:25,1
DA:26,1
DA:27,1
DA:28,1
DA:29,1
DA:30,1
DA:31,1
DA:32,1
DA:33,1
DA:34,1
DA:35,1
DA:36,1
DA:37,1
DA:38,0
DA:39,0
DA:40,1
DA:41,1
DA:42,1
DA:43,1
DA:44,1
DA:45,1
DA:46,1
DA:47,1
DA:48,1
DA:49,0
DA:50,0
DA:51,1
DA:52,1
DA:53,1
LF:53
LH:45
BRDA:5,0,0,1
BRDA:11,1,0,0
BRDA:15,2,0,1
BRDA:21,3,0,0
BRDA:26,4,0,1
BRDA:37,5,0,0
BRDA:42,6,0,1
BRDA:48,7,0,0
BRF:8
BRH:4
end_of_record
TN:
SF:api\users\users-middleware.js
FN:3,isUserValid
FNF:1
FNH:1
FNDA:1,isUserValid
DA:1,1
DA:2,1
DA:3,1
DA:4,1
DA:5,1
DA:6,1
DA:7,1
DA:8,1
DA:9,1
DA:10,0
DA:11,0
DA:12,1
DA:13,1
DA:14,0
DA:15,0
DA:16,1
DA:17,1
DA:18,1
DA:19,1
DA:20,1
LF:20
LH:16
BRDA:3,0,0,1
BRDA:9,1,0,0
BRDA:13,2,0,0
BRF:3
BRH:1
end_of_record
TN:
SF:api\users\users-model.js
FN:3,getAllUsers
FN:8,getUserById
FN:13,getUserByFilter
FN:17,createUser
FN:22,updateUser
FNF:5
FNH:5
FNDA:1,getAllUsers
FNDA:4,getUserById
FNDA:16,getUserByFilter
FNDA:1,createUser
FNDA:1,updateUser
DA:1,1
DA:2,1
DA:3,1
DA:4,1
DA:5,1
DA:6,1
DA:7,1
DA:8,4
DA:9,4
DA:10,4
DA:11,4
DA:12,1
DA:13,16
DA:14,16
DA:15,16
DA:16,1
DA:17,1
DA:18,1
DA:19,1
DA:20,1
DA:21,1
DA:22,1
DA:23,1
DA:24,1
DA:25,1
DA:26,1
DA:27,1
DA:28,1
DA:29,1
DA:30,1
DA:31,1
DA:32,1
DA:33,1
LF:33
LH:33
BRDA:3,0,0,1
BRDA:8,1,0,4
BRDA:13,2,0,16
BRDA:17,3,0,1
BRDA:22,4,0,1
BRF:5
BRH:5
end_of_record
TN:
SF:api\users\users-router.js
FNF:0
FNH:0
DA:1,1
DA:2,1
DA:3,1
DA:4,1
DA:5,1
DA:6,1
DA:7,1
DA:8,1
DA:9,1
DA:10,1
DA:11,1
DA:12,1
DA:13,0
DA:14,0
DA:15,1
DA:16,1
DA:17,1
DA:18,2
DA:19,2
DA:20,2
DA:21,2
DA:22,2
DA:23,0
DA:24,0
DA:25,2
DA:26,1
DA:27,1
DA:28,1
DA:29,1
DA:30,1
DA:31,1
DA:32,1
DA:33,1
DA:34,1
DA:35,1
DA:36,1
DA:37,1
DA:38,0
DA:39,0
DA:40,1
DA:41,1
DA:42,1
LF:42
LH:36
BRDA:6,0,0,1
BRDA:12,1,0,0
BRDA:17,2,0,2
BRDA:22,3,0,0
BRDA:27,4,0,1
BRDA:37,5,0,0
BRF:6
BRH:3
end_of_record
TN:
SF:config\config.js
FNF:0
FNH:0
DA:1,1
DA:2,1
DA:3,1
DA:4,1
DA:5,1
DA:6,1
LF:6
LH:6
BRDA:5,0,0,0
BRF:1
BRH:0
end_of_record
TN:
SF:data\db-config.js
FNF:0
FNH:0
DA:1,1
DA:2,1
DA:3,1
DA:4,1
DA:5,1
LF:5
LH:5
BRDA:3,0,0,0
BRF:1
BRH:0
end_of_record
TN:
SF:data\migrations\20230507201817_create-tables.js
FN:5,Object.<anonymous>.exports.up
FN:66,Object.<anonymous>.exports.down
FNF:2
FNH:2
FNDA:1,Object.<anonymous>.exports.up
FNDA:1,Object.<anonymous>.exports.down
DA:1,1
DA:2,1
DA:3,1
DA:4,1
DA:5,1
DA:6,1
DA:7,1
DA:8,1
DA:9,1
DA:10,1
DA:11,1
DA:12,1
DA:13,1
DA:14,1
DA:15,1
DA:16,1
DA:17,1
DA:18,1
DA:19,1
DA:20,1
DA:21,1
DA:22,1
DA:23,1
DA:24,1
DA:25,1
DA:26,1
DA:27,1
DA:28,1
DA:29,1
DA:30,1
DA:31,1
DA:32,1
DA:33,1
DA:34,1
DA:35,1
DA:36,1
DA:37,1
DA:38,1
DA:39,1
DA:40,1
DA:41,1
DA:42,1
DA:43,1
DA:44,1
DA:45,1
DA:46,1
DA:47,1
DA:48,1
DA:49,1
DA:50,1
DA:51,1
DA:52,1
DA:53,1
DA:54,1
DA:55,1
DA:56,1
DA:57,1
DA:58,1
DA:59,1
DA:60,1
DA:61,1
DA:62,1
DA:63,1
DA:64,1
DA:65,1
DA:66,1
DA:67,1
DA:68,1
DA:69,1
DA:70,1
DA:71,1
LF:71
LH:71
BRDA:5,0,0,1
BRDA:6,1,0,1
BRDA:17,2,0,1
BRDA:34,3,0,1
BRDA:45,4,0,1
BRDA:66,5,0,1
BRF:6
BRH:6
end_of_record
TN:
SF:data\seeds\create-tables.js
FN:5,Object.<anonymous>.exports.seed
FNF:1
FNH:1
FNDA:1,Object.<anonymous>.exports.seed
DA:1,1
DA:2,1
DA:3,1
DA:4,1
DA:5,1
DA:6,1
DA:7,1
DA:8,1
DA:9,1
DA:10,1
DA:11,1
DA:12,1
DA:13,1
DA:14,1
DA:15,1
DA:16,1
DA:17,1
DA:18,1
DA:19,1
DA:20,1
DA:21,1
DA:22,1
DA:23,1
DA:24,1
DA:25,1
DA:26,1
DA:27,1
DA:28,1
DA:29,1
DA:30,1
DA:31,1
DA:32,1
DA:33,1
DA:34,1
DA:35,1
DA:36,1
DA:37,1
LF:37
LH:37
BRDA:5,0,0,1
BRF:1
BRH:1
end_of_record
